Configuration on demand is an incubating feature.
> Task :gradle-plugin:react-native-gradle-plugin:checkKotlinGradlePluginConfigurationErrors
> Task :gradle-plugin:react-native-gradle-plugin:compileKotlin UP-TO-DATE
> Task :gradle-plugin:react-native-gradle-plugin:compileJava NO-SOURCE
> Task :gradle-plugin:react-native-gradle-plugin:pluginDescriptors UP-TO-DATE
> Task :gradle-plugin:react-native-gradle-plugin:processResources UP-TO-DATE
> Task :gradle-plugin:react-native-gradle-plugin:classes UP-TO-DATE
> Task :gradle-plugin:react-native-gradle-plugin:jar UP-TO-DATE

FAILURE: Build failed with an exception.

* Where:
Build file 'I:\MisterShare\node_modules\react-native-installed-application\android\build.gradle' line: 1

* What went wrong:
Could not compile build file 'I:\MisterShare\node_modules\react-native-installed-application\android\build.gradle'.
> startup failed:
  build file 'I:\MisterShare\node_modules\react-native-installed-application\android\build.gradle': 1: Unexpected character: '?' @ line 1, column 1.
     ?
     ^
  
  1 error


* Try:
> Run with --stacktrace option to get the stack trace.
> Run with --info or --debug option to get more log output.
> Run with --scan to get full insights.
> Get more help at https://help.gradle.org.

BUILD FAILED in 9s
5 actionable tasks: 1 executed, 4 up-to-date
